<?xml version="1.0" encoding="UTF-8"?>
<!-- Generated by org.testng.reporters.JUnitXMLReporter -->
<testsuite hostname="ITSG001584-MAC" ignored="1" name="Default test" tests="2" failures="0" timestamp="17 Oct 2018 10:04:03 GMT" time="61.761" errors="0">
  <testcase name="createProblem" time="4.749" classname="testNg_serviceNow.CreateProblem"/>
  <testcase name="checkInWeb" time="56.995" classname="testNg_serviceNow.WebAutomation"/>
  <testcase name="@BeforeSuite authenticateUser" time="0.0" classname="testNg_serviceNow.BaseClass">
    <ignored/>
  </testcase> <!-- @BeforeSuite authenticateUser -->
</testsuite> <!-- Default test -->
